TN:
SF:/Users/yhtml5/projects/github/YHTML5-Seed/app/src/components/Hello.vue
FN:8,data
FNF:1
FNH:1
FNDA:1,data
DA:0,1
DA:27,1
LF:2
LH:2
BRF:0
BRH:0
end_of_record
TN:
SF:/Users/yhtml5/projects/github/YHTML5-Seed/app/src/App.vue
FN:11,_interopRequireDefault
FNF:1
FNH:1
FNDA:1,_interopRequireDefault
DA:0,1
DA:28,1
LF:2
LH:2
BRDA:11,1,0,0
BRDA:11,1,1,1
BRDA:11,2,0,1
BRDA:11,2,1,1
BRF:4
BRH:4
end_of_record
TN:
SF:/Users/yhtml5/projects/github/YHTML5-Seed/app/src/router/index.js
FN:15,_interopRequireDefault
FNF:1
FNH:1
FNDA:2,_interopRequireDefault
DA:0,2
DA:1,1
DA:2,1
DA:5,1
DA:8,1
DA:11,1
DA:14,1
DA:17,1
DA:20,1
DA:23,1
DA:31,1
DA:34,1
DA:35,1
DA:36,1
LF:14
LH:14
BRDA:15,1,0,0
BRDA:15,1,1,2
BRDA:15,2,0,2
BRDA:15,2,1,2
BRF:4
BRH:4
end_of_record
